<?xml version="1.0" encoding="UTF-8"?>
<!-- Generated by org.testng.reporters.JUnitXMLReporter -->
<testsuite ignored="0" hostname="DESKTOP-EMR43OV" failures="0" tests="5" name="Surefire test" time="37.228" errors="0" timestamp="2026-06-25T14:43:09 GST">
  <testcase classname="org.example.ecommerceframework.tests.ErrorValidationTest" name="loginErrorValidation" time="0.987"/>
  <testcase classname="org.example.ecommerceframework.tests.ErrorValidationTest" name="productErrorValidation" time="3.16"/>
  <testcase classname="org.example.ecommerceframework.tests.SubmitOrderTest" name="submitOrderTest" time="4.693"/>
  <testcase classname="org.example.ecommerceframework.tests.SubmitOrderTest" name="submitOrderTest" time="4.38"/>
  <testcase classname="org.example.ecommerceframework.tests.SubmitOrderTest" name="verifyProuctOnOrdersPage" time="1.387"/>
</testsuite> <!-- Surefire test -->
