<?xml version="1.0" encoding="UTF-8"?>
<!-- Generated by org.testng.reporters.JUnitXMLReporter -->
<testsuite ignored="0" hostname="DESKTOP-EMR43OV" failures="0" tests="2" name="Default test" time="19.935" errors="0" timestamp="2026-06-23T00:51:05 GST">
  <testcase classname="org.example.ecommerceframework.tests.SubmitOrderTest" name="submitOrderTest" time="10.616"/>
  <testcase classname="org.example.ecommerceframework.tests.SubmitOrderTest" name="verifyProuctOnOrdersPage" time="1.601"/>
</testsuite> <!-- Default test -->
