<?xml version="1.0" encoding="UTF-8"?>
<!-- Generated by org.testng.reporters.JUnitXMLReporter -->
<testsuite ignored="0" hostname="DESKTOP-EMR43OV" failures="0" tests="2" name="Error Validation Test" time="5.52" errors="0" timestamp="2026-06-24T20:52:02 GST">
  <testcase classname="org.example.ecommerceframework.tests.ErrorValidationTest" name="loginErrorValidation" time="0.385"/>
  <testcase classname="org.example.ecommerceframework.tests.ErrorValidationTest" name="productErrorValidation" time="2.095"/>
</testsuite> <!-- Error Validation Test -->
