<?xml version="1.0" encoding="UTF-8"?>
<!-- Generated by org.testng.reporters.JUnitXMLReporter -->
<testsuite ignored="3" hostname="DESKTOP-EMR43OV" failures="0" tests="2" name="Submit Order Test" time="11.918" errors="0" timestamp="2026-06-24T21:21:42 GST">
  <testcase classname="org.example.ecommerceframework.tests.SubmitOrderTest" name="submitOrderTest" time="2.875"/>
  <testcase classname="org.example.ecommerceframework.tests.SubmitOrderTest" name="submitOrderTest" time="2.797"/>
  <testcase classname="org.example.ecommerceframework.tests.SubmitOrderTest" name="verifyProuctOnOrdersPage" time="0.0">
    <ignored/>
  </testcase> <!-- verifyProuctOnOrdersPage -->
  <testcase classname="org.example.ecommerceframework.tests.ErrorValidationTest" name="productErrorValidation" time="0.0">
    <ignored/>
  </testcase> <!-- productErrorValidation -->
  <testcase classname="org.example.ecommerceframework.tests.ErrorValidationTest" name="loginErrorValidation" time="0.0">
    <ignored/>
  </testcase> <!-- loginErrorValidation -->
</testsuite> <!-- Submit Order Test -->
