<?xml version="1.0" encoding="UTF-8"?>
<!-- Generated by org.testng.reporters.JUnitXMLReporter -->
<testsuite ignored="0" hostname="DESKTOP-EMR43OV" failures="0" tests="2" name="Error Validation Test" time="16.243" errors="0" timestamp="2026-06-27T22:24:48 GST">
  <testcase classname="org.example.ecommerceframework.tests.ErrorValidationTest" name="loginErrorValidation" time="1.464"/>
  <testcase classname="org.example.ecommerceframework.tests.ErrorValidationTest" name="productErrorValidation" time="5.694"/>
</testsuite> <!-- Error Validation Test -->
