<?xml version="1.0" encoding="UTF-8"?>
<!-- Generated by org.testng.reporters.JUnitXMLReporter -->
<testsuite ignored="0" hostname="DESKTOP-EMR43OV" failures="0" tests="3" name="Submit Order Test" time="27.51" errors="0" timestamp="2026-06-27T22:24:58 GST">
  <testcase classname="org.example.ecommerceframework.tests.SubmitOrderTest" name="submitOrderTest" time="6.734"/>
  <testcase classname="org.example.ecommerceframework.tests.SubmitOrderTest" name="submitOrderTest" time="4.365"/>
  <testcase classname="org.example.ecommerceframework.tests.SubmitOrderTest" name="verifyProuctOnOrdersPage" time="1.293"/>
</testsuite> <!-- Submit Order Test -->
