<?xml version="1.0" encoding="UTF-8"?>
<!-- Generated by org.testng.reporters.JUnitXMLReporter -->
<testsuite ignored="3" hostname="DESKTOP-EMR43OV" failures="0" tests="2" name="Submit Order Test" time="23.511" errors="0" timestamp="2026-06-26T06:24:46 GST">
  <testcase classname="org.example.ecommerceframework.tests.SubmitOrderTest" name="submitOrderTest" time="4.728"/>
  <testcase classname="org.example.ecommerceframework.tests.SubmitOrderTest" name="submitOrderTest" time="4.784"/>
  <testcase classname="org.example.ecommerceframework.tests.ErrorValidationTest" name="productErrorValidation" time="0.0">
    <ignored/>
  </testcase> <!-- productErrorValidation -->
  <testcase classname="org.example.ecommerceframework.tests.ErrorValidationTest" name="loginErrorValidation" time="0.0">
    <ignored/>
  </testcase> <!-- loginErrorValidation -->
  <testcase classname="org.example.ecommerceframework.tests.SubmitOrderTest" name="verifyProuctOnOrdersPage" time="0.0">
    <ignored/>
  </testcase> <!-- verifyProuctOnOrdersPage -->
</testsuite> <!-- Submit Order Test -->
