<?xml version="1.0" encoding="UTF-8"?>
<testng-results ignored="0" total="5" passed="5" failed="0" skipped="0">
  <reporter-output>
  </reporter-output>
  <suite started-at="2026-06-27T22:24:30 GST" name="Suite" finished-at="2026-06-27T22:24:58 GST" duration-ms="27510">
    <groups>
      <group name="Regression">
        <method signature="SubmitOrderTest.submitOrderTest(java.util.HashMap)[pri:0, instance:org.example.ecommerceframework.tests.SubmitOrderTest@19e4653c]" name="submitOrderTest" class="org.example.ecommerceframework.tests.SubmitOrderTest"/>
      </group> <!-- Regression -->
    </groups>
    <test started-at="2026-06-27T22:24:30 GST" name="Error Validation Test" finished-at="2026-06-27T22:24:46 GST" duration-ms="16243">
      <class name="org.example.ecommerceframework.tests.ErrorValidationTest">
        <test-method is-config="true" signature="launchApplication()[pri:0, instance:org.example.ecommerceframework.tests.ErrorValidationTest@7a5ceedd]" started-at="2026-06-27T22:24:30 GST" name="launchApplication" finished-at="2026-06-27T22:24:36 GST" duration-ms="5851" status="PASS">
          <reporter-output>
          </reporter-output>
        </test-method> <!-- launchApplication -->
        <test-method signature="loginErrorValidation()[pri:0, instance:org.example.ecommerceframework.tests.ErrorValidationTest@7a5ceedd]" started-at="2026-06-27T22:24:36 GST" name="loginErrorValidation" finished-at="2026-06-27T22:24:38 GST" duration-ms="1464" status="PASS">
          <reporter-output>
          </reporter-output>
        </test-method> <!-- loginErrorValidation -->
        <test-method is-config="true" signature="tearDown()[pri:0, instance:org.example.ecommerceframework.tests.ErrorValidationTest@7a5ceedd]" started-at="2026-06-27T22:24:38 GST" name="tearDown" finished-at="2026-06-27T22:24:38 GST" duration-ms="550" status="PASS">
          <reporter-output>
          </reporter-output>
        </test-method> <!-- tearDown -->
        <test-method is-config="true" signature="launchApplication()[pri:0, instance:org.example.ecommerceframework.tests.ErrorValidationTest@7a5ceedd]" started-at="2026-06-27T22:24:38 GST" name="launchApplication" finished-at="2026-06-27T22:24:40 GST" duration-ms="2192" status="PASS">
          <reporter-output>
          </reporter-output>
        </test-method> <!-- launchApplication -->
        <test-method signature="productErrorValidation()[pri:0, instance:org.example.ecommerceframework.tests.ErrorValidationTest@7a5ceedd]" started-at="2026-06-27T22:24:40 GST" name="productErrorValidation" finished-at="2026-06-27T22:24:46 GST" duration-ms="5694" status="PASS">
          <reporter-output>
          </reporter-output>
        </test-method> <!-- productErrorValidation -->
        <test-method is-config="true" signature="tearDown()[pri:0, instance:org.example.ecommerceframework.tests.ErrorValidationTest@7a5ceedd]" started-at="2026-06-27T22:24:46 GST" name="tearDown" finished-at="2026-06-27T22:24:46 GST" duration-ms="363" status="PASS">
          <reporter-output>
          </reporter-output>
        </test-method> <!-- tearDown -->
      </class> <!-- org.example.ecommerceframework.tests.ErrorValidationTest -->
    </test> <!-- Error Validation Test -->
    <test started-at="2026-06-27T22:24:30 GST" name="Submit Order Test" finished-at="2026-06-27T22:24:58 GST" duration-ms="27510">
      <class name="org.example.ecommerceframework.tests.SubmitOrderTest">
        <test-method is-config="true" signature="launchApplication()[pri:0, instance:org.example.ecommerceframework.tests.SubmitOrderTest@19e4653c]" started-at="2026-06-27T22:24:30 GST" name="launchApplication" finished-at="2026-06-27T22:24:36 GST" duration-ms="6128" status="PASS">
          <reporter-output>
          </reporter-output>
        </test-method> <!-- launchApplication -->
        <test-method signature="submitOrderTest(java.util.HashMap)[pri:0, instance:org.example.ecommerceframework.tests.SubmitOrderTest@19e4653c]" started-at="2026-06-27T22:24:36 GST" name="submitOrderTest" data-provider="getData" finished-at="2026-06-27T22:24:43 GST" duration-ms="6734" status="PASS">
          <params>
            <param index="0">
              <value>
                <![CDATA[{country=India, password=Fasla@1998, email=mpu.fasla@gmail.com, productName=ZARA COAT 3}]]>
              </value>
            </param>
          </params>
          <reporter-output>
          </reporter-output>
        </test-method> <!-- submitOrderTest -->
        <test-method is-config="true" signature="tearDown()[pri:0, instance:org.example.ecommerceframework.tests.SubmitOrderTest@19e4653c]" started-at="2026-06-27T22:24:43 GST" name="tearDown" finished-at="2026-06-27T22:24:44 GST" duration-ms="403" status="PASS">
          <reporter-output>
          </reporter-output>
        </test-method> <!-- tearDown -->
        <test-method is-config="true" signature="launchApplication()[pri:0, instance:org.example.ecommerceframework.tests.SubmitOrderTest@19e4653c]" started-at="2026-06-27T22:24:44 GST" name="launchApplication" finished-at="2026-06-27T22:24:47 GST" duration-ms="3873" status="PASS">
          <reporter-output>
          </reporter-output>
        </test-method> <!-- launchApplication -->
        <test-method signature="submitOrderTest(java.util.HashMap)[pri:0, instance:org.example.ecommerceframework.tests.SubmitOrderTest@19e4653c]" started-at="2026-06-27T22:24:47 GST" name="submitOrderTest" data-provider="getData" finished-at="2026-06-27T22:24:52 GST" duration-ms="4365" status="PASS">
          <params>
            <param index="0">
              <value>
                <![CDATA[{country=India, password=Ummul@123, email=fasla@gmail.com, productName=ADIDAS ORIGINAL}]]>
              </value>
            </param>
          </params>
          <reporter-output>
          </reporter-output>
        </test-method> <!-- submitOrderTest -->
        <test-method is-config="true" signature="tearDown()[pri:0, instance:org.example.ecommerceframework.tests.SubmitOrderTest@19e4653c]" started-at="2026-06-27T22:24:52 GST" name="tearDown" finished-at="2026-06-27T22:24:52 GST" duration-ms="233" status="PASS">
          <reporter-output>
          </reporter-output>
        </test-method> <!-- tearDown -->
        <test-method is-config="true" signature="launchApplication()[pri:0, instance:org.example.ecommerceframework.tests.SubmitOrderTest@19e4653c]" started-at="2026-06-27T22:24:52 GST" name="launchApplication" finished-at="2026-06-27T22:24:56 GST" duration-ms="4105" status="PASS">
          <reporter-output>
          </reporter-output>
        </test-method> <!-- launchApplication -->
        <test-method signature="verifyProuctOnOrdersPage()[pri:0, instance:org.example.ecommerceframework.tests.SubmitOrderTest@19e4653c]" started-at="2026-06-27T22:24:56 GST" name="verifyProuctOnOrdersPage" finished-at="2026-06-27T22:24:57 GST" depends-on-methods="org.example.ecommerceframework.tests.SubmitOrderTest.submitOrderTest" duration-ms="1293" status="PASS">
          <reporter-output>
          </reporter-output>
        </test-method> <!-- verifyProuctOnOrdersPage -->
        <test-method is-config="true" signature="tearDown()[pri:0, instance:org.example.ecommerceframework.tests.SubmitOrderTest@19e4653c]" started-at="2026-06-27T22:24:57 GST" name="tearDown" finished-at="2026-06-27T22:24:58 GST" duration-ms="255" status="PASS">
          <reporter-output>
          </reporter-output>
        </test-method> <!-- tearDown -->
      </class> <!-- org.example.ecommerceframework.tests.SubmitOrderTest -->
    </test> <!-- Submit Order Test -->
  </suite> <!-- Suite -->
</testng-results>
