<?xml version="1.0" encoding="UTF-8"?>
<testng-results ignored="3" total="5" passed="2" failed="0" skipped="0">
  <reporter-output>
  </reporter-output>
  <suite started-at="2026-06-26T06:24:23 GST" name="Suite" finished-at="2026-06-26T06:24:46 GST" duration-ms="23511">
    <groups>
      <group name="Regression">
        <method signature="SubmitOrderTest.submitOrderTest(java.util.HashMap)[pri:0, instance:org.example.ecommerceframework.tests.SubmitOrderTest@3cc2931c]" name="submitOrderTest" class="org.example.ecommerceframework.tests.SubmitOrderTest"/>
      </group> <!-- Regression -->
    </groups>
    <test started-at="2026-06-26T06:24:23 GST" name="Submit Order Test" finished-at="2026-06-26T06:24:46 GST" duration-ms="23511">
      <class name="org.example.ecommerceframework.tests.SubmitOrderTest">
        <test-method is-config="true" signature="launchApplication()[pri:0, instance:org.example.ecommerceframework.tests.SubmitOrderTest@3cc2931c]" started-at="2026-06-26T06:24:23 GST" name="launchApplication" finished-at="2026-06-26T06:24:32 GST" duration-ms="8978" status="PASS">
          <reporter-output>
          </reporter-output>
        </test-method> <!-- launchApplication -->
        <test-method signature="submitOrderTest(java.util.HashMap)[pri:0, instance:org.example.ecommerceframework.tests.SubmitOrderTest@3cc2931c]" started-at="2026-06-26T06:24:32 GST" name="submitOrderTest" data-provider="getData" finished-at="2026-06-26T06:24:37 GST" duration-ms="4728" status="PASS">
          <params>
            <param index="0">
              <value>
                <![CDATA[{country=India, password=Fasla@1998, email=mpu.fasla@gmail.com, productName=ZARA COAT 3}]]>
              </value>
            </param>
          </params>
          <reporter-output>
          </reporter-output>
        </test-method> <!-- submitOrderTest -->
        <test-method is-config="true" signature="tearDown()[pri:0, instance:org.example.ecommerceframework.tests.SubmitOrderTest@3cc2931c]" started-at="2026-06-26T06:24:37 GST" name="tearDown" finished-at="2026-06-26T06:24:37 GST" duration-ms="387" status="PASS">
          <reporter-output>
          </reporter-output>
        </test-method> <!-- tearDown -->
        <test-method is-config="true" signature="launchApplication()[pri:0, instance:org.example.ecommerceframework.tests.SubmitOrderTest@3cc2931c]" started-at="2026-06-26T06:24:37 GST" name="launchApplication" finished-at="2026-06-26T06:24:41 GST" duration-ms="4080" status="PASS">
          <reporter-output>
          </reporter-output>
        </test-method> <!-- launchApplication -->
        <test-method signature="submitOrderTest(java.util.HashMap)[pri:0, instance:org.example.ecommerceframework.tests.SubmitOrderTest@3cc2931c]" started-at="2026-06-26T06:24:41 GST" name="submitOrderTest" data-provider="getData" finished-at="2026-06-26T06:24:46 GST" duration-ms="4784" status="PASS">
          <params>
            <param index="0">
              <value>
                <![CDATA[{country=India, password=Ummul@123, email=fasla@gmail.com, productName=ADIDAS ORIGINAL}]]>
              </value>
            </param>
          </params>
          <reporter-output>
          </reporter-output>
        </test-method> <!-- submitOrderTest -->
        <test-method is-config="true" signature="tearDown()[pri:0, instance:org.example.ecommerceframework.tests.SubmitOrderTest@3cc2931c]" started-at="2026-06-26T06:24:46 GST" name="tearDown" finished-at="2026-06-26T06:24:46 GST" duration-ms="398" status="PASS">
          <reporter-output>
          </reporter-output>
        </test-method> <!-- tearDown -->
      </class> <!-- org.example.ecommerceframework.tests.SubmitOrderTest -->
    </test> <!-- Submit Order Test -->
  </suite> <!-- Suite -->
</testng-results>
