<?xml version="1.0" encoding="UTF-8"?>
<testng-results ignored="3" total="5" passed="2" failed="0" skipped="0">
  <reporter-output>
  </reporter-output>
  <suite started-at="2026-06-24T21:21:30 GST" name="Suite" finished-at="2026-06-24T21:21:42 GST" duration-ms="11918">
    <groups>
      <group name="Regression">
        <method signature="SubmitOrderTest.submitOrderTest(java.util.HashMap)[pri:0, instance:org.example.ecommerceframework.tests.SubmitOrderTest@5bf0d49]" name="submitOrderTest" class="org.example.ecommerceframework.tests.SubmitOrderTest"/>
      </group> <!-- Regression -->
    </groups>
    <test started-at="2026-06-24T21:21:30 GST" name="Submit Order Test" finished-at="2026-06-24T21:21:42 GST" duration-ms="11918">
      <class name="org.example.ecommerceframework.tests.SubmitOrderTest">
        <test-method is-config="true" signature="launchApplication()[pri:0, instance:org.example.ecommerceframework.tests.SubmitOrderTest@5bf0d49]" started-at="2026-06-24T21:21:30 GST" name="launchApplication" finished-at="2026-06-24T21:21:34 GST" duration-ms="3447" status="PASS">
          <reporter-output>
          </reporter-output>
        </test-method> <!-- launchApplication -->
        <test-method signature="submitOrderTest(java.util.HashMap)[pri:0, instance:org.example.ecommerceframework.tests.SubmitOrderTest@5bf0d49]" started-at="2026-06-24T21:21:34 GST" name="submitOrderTest" data-provider="getData" finished-at="2026-06-24T21:21:36 GST" duration-ms="2875" status="PASS">
          <params>
            <param index="0">
              <value>
                <![CDATA[{country=India, password=Fasla@1998, email=mpu.fasla@gmail.com, productName=ZARA COAT 3}]]>
              </value>
            </param>
          </params>
          <reporter-output>
          </reporter-output>
        </test-method> <!-- submitOrderTest -->
        <test-method is-config="true" signature="tearDown()[pri:0, instance:org.example.ecommerceframework.tests.SubmitOrderTest@5bf0d49]" started-at="2026-06-24T21:21:36 GST" name="tearDown" finished-at="2026-06-24T21:21:37 GST" duration-ms="116" status="PASS">
          <reporter-output>
          </reporter-output>
        </test-method> <!-- tearDown -->
        <test-method is-config="true" signature="launchApplication()[pri:0, instance:org.example.ecommerceframework.tests.SubmitOrderTest@5bf0d49]" started-at="2026-06-24T21:21:37 GST" name="launchApplication" finished-at="2026-06-24T21:21:39 GST" duration-ms="2568" status="PASS">
          <reporter-output>
          </reporter-output>
        </test-method> <!-- launchApplication -->
        <test-method signature="submitOrderTest(java.util.HashMap)[pri:0, instance:org.example.ecommerceframework.tests.SubmitOrderTest@5bf0d49]" started-at="2026-06-24T21:21:39 GST" name="submitOrderTest" data-provider="getData" finished-at="2026-06-24T21:21:42 GST" duration-ms="2797" status="PASS">
          <params>
            <param index="0">
              <value>
                <![CDATA[{country=India, password=Ummul@123, email=fasla@gmail.com, productName=ADIDAS ORIGINAL}]]>
              </value>
            </param>
          </params>
          <reporter-output>
          </reporter-output>
        </test-method> <!-- submitOrderTest -->
        <test-method is-config="true" signature="tearDown()[pri:0, instance:org.example.ecommerceframework.tests.SubmitOrderTest@5bf0d49]" started-at="2026-06-24T21:21:42 GST" name="tearDown" finished-at="2026-06-24T21:21:42 GST" duration-ms="77" status="PASS">
          <reporter-output>
          </reporter-output>
        </test-method> <!-- tearDown -->
      </class> <!-- org.example.ecommerceframework.tests.SubmitOrderTest -->
    </test> <!-- Submit Order Test -->
  </suite> <!-- Suite -->
</testng-results>
