<?xml version="1.0" encoding="UTF-8"?>
<!-- Generated by org.testng.reporters.JUnitReportReporter -->
<testsuite hostname="DESKTOP-EMR43OV" failures="0" tests="2" name="org.example.ecommerceframework.tests.SubmitOrderTest" time="11.880" errors="0" timestamp="2026-06-24T21:21:42 GST" skipped="0">
  <testcase classname="org.example.ecommerceframework.tests.SubmitOrderTest" name="submitOrderTest" time="6.399"/>
  <testcase classname="org.example.ecommerceframework.tests.SubmitOrderTest" name="submitOrderTest" time="5.481"/>
</testsuite> <!-- org.example.ecommerceframework.tests.SubmitOrderTest -->
