<?xml version="1.0" encoding="UTF-8"?>
<!-- Generated by org.testng.reporters.JUnitReportReporter -->
<testsuite hostname="DESKTOP-EMR43OV" failures="0" tests="2" name="org.example.ecommerceframework.tests.ErrorValidationTest" time="5.499" errors="0" timestamp="2026-06-24T20:52:02 GST" skipped="0">
  <testcase classname="org.example.ecommerceframework.tests.ErrorValidationTest" name="productErrorValidation" time="3.600"/>
  <testcase classname="org.example.ecommerceframework.tests.ErrorValidationTest" name="loginErrorValidation" time="1.899"/>
</testsuite> <!-- org.example.ecommerceframework.tests.ErrorValidationTest -->
