<?xml version="1.0" encoding="UTF-8"?>
<!-- Generated by org.testng.reporters.JUnitReportReporter -->
<testsuite hostname="DESKTOP-EMR43OV" failures="0" tests="2" name="org.example.ecommerceframework.tests.ErrorValidationTest" time="16.114" errors="0" timestamp="2026-06-27T22:24:58 GST" skipped="0">
  <testcase classname="org.example.ecommerceframework.tests.ErrorValidationTest" name="loginErrorValidation" time="7.678"/>
  <testcase classname="org.example.ecommerceframework.tests.ErrorValidationTest" name="productErrorValidation" time="8.436"/>
</testsuite> <!-- org.example.ecommerceframework.tests.ErrorValidationTest -->
