<?xml version="1.0" encoding="UTF-8"?>
<!-- Generated by org.testng.reporters.JUnitReportReporter -->
<testsuite hostname="DESKTOP-EMR43OV" failures="0" tests="2" name="org.example.ecommerceframework.tests.SubmitOrderTest" time="23.355" errors="0" timestamp="2026-06-26T06:24:47 GST" skipped="0">
  <testcase classname="org.example.ecommerceframework.tests.SubmitOrderTest" name="submitOrderTest" time="14.160"/>
  <testcase classname="org.example.ecommerceframework.tests.SubmitOrderTest" name="submitOrderTest" time="9.195"/>
</testsuite> <!-- org.example.ecommerceframework.tests.SubmitOrderTest -->
