<?xml version="1.0" encoding="UTF-8"?>
<!-- Generated by org.testng.reporters.JUnitReportReporter -->
<testsuite hostname="DESKTOP-EMR43OV" failures="0" tests="3" name="org.example.ecommerceframework.tests.SubmitOrderTest" time="27.389" errors="0" timestamp="2026-06-27T22:24:58 GST" skipped="0">
  <testcase classname="org.example.ecommerceframework.tests.SubmitOrderTest" name="submitOrderTest" time="11.010"/>
  <testcase classname="org.example.ecommerceframework.tests.SubmitOrderTest" name="verifyProuctOnOrdersPage" time="7.676"/>
  <testcase classname="org.example.ecommerceframework.tests.SubmitOrderTest" name="submitOrderTest" time="8.703"/>
</testsuite> <!-- org.example.ecommerceframework.tests.SubmitOrderTest -->
