<?xml version="1.0" encoding="UTF-8"?>
<!-- Generated by org.testng.reporters.JUnitReportReporter -->
<testsuite hostname="DESKTOP-EMR43OV" failures="0" tests="2" name="org.example.ecommerceframework.tests.ErrorValidationTest" time="14.659" errors="0" timestamp="2026-06-25T14:43:09 GST" skipped="0">
  <testcase classname="org.example.ecommerceframework.tests.ErrorValidationTest" name="productErrorValidation" time="9.418"/>
  <testcase classname="org.example.ecommerceframework.tests.ErrorValidationTest" name="loginErrorValidation" time="5.241"/>
</testsuite> <!-- org.example.ecommerceframework.tests.ErrorValidationTest -->
